\BOOKMARK [1][-]{section.0.1}{\376\377\000I\000n\000t\000r\000o\000d\000u\000c\000t\000i\000o\000n}{}% 1
\BOOKMARK [1][-]{section.0.2}{\376\377\000C\000a\000h\000i\000e\000r\000\040\000d\000e\000s\000\040\000c\000h\000a\000r\000g\000e\000s}{}% 2
\BOOKMARK [2][-]{subsection.0.2.1}{\376\377\000C\000o\000n\000t\000e\000x\000t\000e\000\040\000e\000t\000\040\000p\000r\000o\000b\000l\000\351\000m\000a\000t\000i\000q\000u\000e}{section.0.2}% 3
\BOOKMARK [2][-]{subsection.0.2.2}{\376\377\000P\000\351\000r\000i\000m\000\350\000t\000r\000e\000\040\000d\000u\000\040\000p\000r\000o\000j\000e\000t}{section.0.2}% 4
\BOOKMARK [2][-]{subsection.0.2.3}{\376\377\000S\000p\000\351\000c\000i\000f\000i\000c\000a\000t\000i\000o\000n\000s\000\040\000f\000o\000n\000c\000t\000i\000o\000n\000n\000e\000l\000l\000e\000s}{section.0.2}% 5
\BOOKMARK [2][-]{subsection.0.2.4}{\376\377\000S\000p\000\351\000c\000i\000f\000i\000c\000a\000t\000i\000o\000n\000s\000\040\000t\000e\000c\000h\000n\000i\000q\000u\000e\000s}{section.0.2}% 6
\BOOKMARK [2][-]{subsection.0.2.5}{\376\377\000A\000n\000a\000l\000o\000g\000i\000e\000\040\000r\000\351\000s\000e\000a\000u\000\040\000e\000t\000\040\000a\000p\000p\000r\000o\000c\000h\000e\000\040\000B\000C\000a\000a\000S}{section.0.2}% 7
\BOOKMARK [1][-]{section.0.3}{\376\377\000A\000n\000a\000l\000y\000s\000e\000\040\000f\000o\000n\000c\000t\000i\000o\000n\000n\000e\000l\000l\000e\000\040\000e\000t\000\040\000a\000r\000c\000h\000i\000t\000e\000c\000t\000u\000r\000e\000\040\000B\000C\000a\000a\000S}{}% 8
\BOOKMARK [2][-]{subsection.0.3.1}{\376\377\000\311\000t\000a\000t\000\040\000d\000e\000\040\000l\000'\000a\000r\000t\000\040\000d\000e\000s\000\040\000s\000o\000l\000u\000t\000i\000o\000n\000s\000\040\000d\000e\000\040\000c\000e\000n\000t\000r\000a\000l\000i\000s\000a\000t\000i\000o\000n\000\040\000d\000e\000\040\000s\000a\000v\000o\000i\000r\000s}{section.0.3}% 9
\BOOKMARK [2][-]{subsection.0.3.2}{\376\377\000A\000n\000a\000l\000y\000s\000e\000\040\000d\000\351\000t\000a\000i\000l\000l\000\351\000e\000\040\000d\000e\000s\000\040\000b\000e\000s\000o\000i\000n\000s\000\040\000p\000a\000r\000\040\000a\000c\000t\000e\000u\000r}{section.0.3}% 10
\BOOKMARK [1][-]{section.0.4}{\376\377\000J\000u\000s\000t\000i\000f\000i\000c\000a\000t\000i\000o\000n\000\040\000d\000e\000s\000\040\000c\000h\000o\000i\000x\000\040\000t\000e\000c\000h\000n\000o\000l\000o\000g\000i\000q\000u\000e\000s}{}% 11
\BOOKMARK [2][-]{subsection.0.4.1}{\376\377\000F\000r\000a\000m\000e\000w\000o\000r\000k\000\040\000p\000r\000i\000n\000c\000i\000p\000a\000l\000\040\000:\000\040\000N\000e\000x\000t\000.\000j\000s\000\040\0001\0004\000\040\000\050\000A\000p\000p\000\040\000R\000o\000u\000t\000e\000r\000\051}{section.0.4}% 12
\BOOKMARK [2][-]{subsection.0.4.2}{\376\377\000C\000o\000u\000c\000h\000e\000\040\000d\000e\000\040\000p\000e\000r\000s\000i\000s\000t\000a\000n\000c\000e\000\040\000:\000\040\000M\000o\000c\000k\000\040\000D\000a\000t\000a\000\040\000\050\000F\000i\000c\000h\000i\000e\000r\000s\000\040\000J\000S\000O\000N\000\040\000s\000t\000r\000u\000c\000t\000u\000r\000\351\000s\000\051}{section.0.4}% 13
\BOOKMARK [2][-]{subsection.0.4.3}{\376\377\000M\000o\000t\000e\000u\000r\000\040\000d\000'\000a\000b\000s\000t\000r\000a\000c\000t\000i\000o\000n\000\040\000A\000P\000I\000\040\000:\000\040\000l\000i\000b\000/\000a\000p\000i\000.\000t\000s}{section.0.4}% 14
\BOOKMARK [2][-]{subsection.0.4.4}{\376\377\000T\000a\000b\000l\000e\000a\000u\000\040\000r\000\351\000c\000a\000p\000i\000t\000u\000l\000a\000t\000i\000f\000\040\000d\000e\000s\000\040\000c\000h\000o\000i\000x\000\040\000t\000e\000c\000h\000n\000o\000l\000o\000g\000i\000q\000u\000e\000s}{section.0.4}% 15
\BOOKMARK [1][-]{section.0.5}{\376\377\000M\000o\000d\000\351\000l\000i\000s\000a\000t\000i\000o\000n\000\040\000U\000M\000L\000\040\000e\000t\000\040\000p\000o\000s\000i\000t\000i\000o\000n\000n\000e\000m\000e\000n\000t\000\040\000a\000r\000c\000h\000i\000t\000e\000c\000t\000u\000r\000a\000l}{}% 16
\BOOKMARK [2][-]{subsection.0.5.1}{\376\377\000D\000i\000a\000g\000r\000a\000m\000m\000e\000\040\000d\000e\000s\000\040\000c\000a\000s\000\040\000d\000'\000u\000t\000i\000l\000i\000s\000a\000t\000i\000o\000n}{section.0.5}% 17
\BOOKMARK [2][-]{subsection.0.5.2}{\376\377\000D\000i\000a\000g\000r\000a\000m\000m\000e\000\040\000d\000e\000\040\000c\000l\000a\000s\000s\000e\000s}{section.0.5}% 18
\BOOKMARK [2][-]{subsection.0.5.3}{\376\377\000N\000o\000t\000r\000e\000\040\000r\000\364\000l\000e\000\040\000e\000n\000\040\000t\000a\000n\000t\000\040\000q\000u\000e\000\040\000t\000e\000n\000a\000n\000t\000\040\000B\000C\000a\000a\000S}{section.0.5}% 19
\BOOKMARK [1][-]{section.0.6}{\376\377\000I\000m\000p\000l\000\351\000m\000e\000n\000t\000a\000t\000i\000o\000n\000\040\000F\000r\000o\000n\000t\000e\000n\000d\000\040\000e\000t\000\040\000S\000i\000m\000u\000l\000a\000t\000i\000o\000n\000\040\000A\000P\000I}{}% 20
\BOOKMARK [2][-]{subsection.0.6.1}{\376\377\000A\000r\000c\000h\000i\000t\000e\000c\000t\000u\000r\000e\000\040\000e\000t\000\040\000s\000t\000r\000u\000c\000t\000u\000r\000e\000\040\000d\000u\000\040\000p\000r\000o\000j\000e\000t\000\040\000N\000e\000x\000t\000.\000j\000s\000\040\0001\0005}{section.0.6}% 21
\BOOKMARK [2][-]{subsection.0.6.2}{\376\377\000C\000a\000r\000t\000o\000g\000r\000a\000p\000h\000i\000e\000\040\000d\000e\000s\000\040\000r\000o\000u\000t\000e\000s\000\040\000e\000t\000\040\000d\000e\000s\000\040\000v\000u\000e\000s\000\040\000r\000\351\000a\000l\000i\000s\000\351\000e\000s}{section.0.6}% 22
\BOOKMARK [2][-]{subsection.0.6.3}{\376\377\000C\000a\000t\000a\000l\000o\000g\000u\000e\000\040\000d\000e\000s\000\040\000c\000o\000m\000p\000o\000s\000a\000n\000t\000s\000\040\000U\000I\000\040\000p\000r\000i\000n\000c\000i\000p\000a\000u\000x}{section.0.6}% 23
\BOOKMARK [2][-]{subsection.0.6.4}{\376\377\000M\000\351\000c\000a\000n\000i\000s\000m\000e\000\040\000d\000'\000a\000b\000s\000t\000r\000a\000c\000t\000i\000o\000n\000\040\000e\000t\000\040\000c\000o\000u\000c\000h\000e\000\040\000A\000P\000I\000\040\000\050\000l\000i\000b\000/\000a\000p\000i\000.\000t\000s\000\051}{section.0.6}% 24
