#
# A fatal error has been detected by the Java Runtime Environment:
#
#  EXCEPTION_ACCESS_VIOLATION (0xc0000005) at pc=0x00007fff0a236cde, pid=4280, tid=15188
#
# JRE version:  (21.0.10+7) (build )
# Java VM: OpenJDK 64-Bit Server VM (21.0.10+7-LTS, mixed mode, sharing, tiered, compressed oops, compressed class ptrs, parallel gc, windows-amd64)
# Problematic frame:
# V  [jvm.dll+0x316cde]
#
# No core dump will be written. Minidumps are not enabled by default on client versions of Windows
#
#

---------------  S U M M A R Y ------------

Command Line: --add-modules=ALL-SYSTEM --add-opens=java.base/java.util=ALL-UNNAMED --add-opens=java.base/java.lang=ALL-UNNAMED --add-opens=java.base/sun.nio.fs=ALL-UNNAMED -Declipse.application=org.eclipse.jdt.ls.core.id1 -Dosgi.bundles.defaultStartLevel=4 -Declipse.product=org.eclipse.jdt.ls.core.product -Djava.import.generatesMetadataFilesAtProjectRoot=false -DDetectVMInstallationsJob.disabled=true -Dfile.encoding=utf8 -XX:+UseParallelGC -XX:GCTimeRatio=4 -XX:AdaptiveSizePolicyWeight=90 -Dsun.zip.disableMemoryMapping=true -Xmx2G -Xms100m -Xlog:disable -javaagent:c:\Users\DELL\.vscode\extensions\redhat.java-1.54.0-win32-x64\lombok\lombok-1.18.39-4050.jar c:\Users\DELL\.vscode\extensions\redhat.java-1.54.0-win32-x64\server\plugins\org.eclipse.equinox.launcher_1.7.100.v20251111-0406.jar -configuration c:\Users\DELL\AppData\Roaming\Code\User\globalStorage\redhat.java\1.54.0\config_ss_win -data c:\Users\DELL\AppData\Roaming\Code\User\workspaceStorage\1dcc25ccd97ec61c2b45f5f3218e0184\redhat.java\ss_ws --pipe=\\.\pipe\lsp-9b9263b1c035aae23469205f0792844d-sock

Host: Intel(R) Core(TM) i7-6820HQ CPU @ 2.70GHz, 8 cores, 15G,  Windows 10 , 64 bit Build 19041 (10.0.19041.5915)
Time: Sat May  9 14:33:24 2026 W. Central Africa Standard Time elapsed time: 1.411431 seconds (0d 0h 0m 1s)

---------------  T H R E A D  ---------------

Current thread (0x0000020549ee4950):  JavaThread "Unknown thread" [_thread_in_vm, id=15188, stack(0x0000004d64900000,0x0000004d64a00000) (1024K)]

Stack: [0x0000004d64900000,0x0000004d64a00000],  sp=0x0000004d649ff0f0,  free space=1020k
Native frames: (J=compiled Java code, j=interpreted, Vv=VM code, C=native code)
V  [jvm.dll+0x316cde]
V  [jvm.dll+0x317658]
V  [jvm.dll+0x67fd59]
V  [jvm.dll+0x67ff89]
V  [jvm.dll+0x67f30b]
V  [jvm.dll+0x67aae8]
V  [jvm.dll+0x87eb27]
V  [jvm.dll+0x3c4a81]
V  [jvm.dll+0x867d25]
V  [jvm.dll+0x457b31]
V  [jvm.dll+0x459721]
C  [jli.dll+0x52d0]
C  [ucrtbase.dll+0x21bb2]
C  [KERNEL32.DLL+0x17374]
C  [ntdll.dll+0x4cc91]


siginfo: EXCEPTION_ACCESS_VIOLATION (0xc0000005), reading address 0x0000000000000000


Registers:
RAX=0x00002e60a2f0677b, RBX=0x0000000000000000, RCX=0x0000000000000000, RDX=0x0000000000000001
RSP=0x0000004d649ff0f0, RBP=0x0000000000000001, RSI=0x00000205003b07d0, RDI=0x0000020549ef7980
R8 =0x0000000000000001, R9 =0x0000000000000001, R10=0x0000000000000000, R11=0x0000004d649ff168
R12=0x0000000000000002, R13=0x0000020547cbfb40, R14=0x0000000000000001, R15=0x0000000000000000
RIP=0x00007fff0a236cde, EFLAGS=0x0000000000010246

XMM[0]=0x0000000000000000 0x0000000000000000
XMM[1]=0x0000000000000000 0x0000000000000000
XMM[2]=0x0000000000000000 0x0000000000000000
XMM[3]=0x0000000000000000 0x0000000000000000
XMM[4]=0x0000000000000000 0x0000000000000000
XMM[5]=0x0000000000000000 0x0000000000000000
XMM[6]=0x0000000000000000 0x0000000000000000
XMM[7]=0x0000000000000000 0x0000000000000000
XMM[8]=0x0000000000000000 0x0000000000000000
XMM[9]=0x0000000000000000 0x0000000000000000
XMM[10]=0x0000000000000000 0x0000000000000000
XMM[11]=0x0000000000000000 0x0000000000000000
XMM[12]=0x0000000000000000 0x0000000000000000
XMM[13]=0x0000000000000000 0x0000000000000000
XMM[14]=0x0000000000000000 0x0000000000000000
XMM[15]=0x0000000000000000 0x0000000000000000
  MXCSR=0x00001fa0


Top of Stack: (sp=0x0000004d649ff0f0)
0x0000004d649ff0f0:   0000020500ba0000 0000000800000000
0x0000004d649ff100:   0000000800ba0000 0000020500000000
0x0000004d649ff110:   0000020500ba0000 000001fd00000000
0x0000004d649ff120:   0000020500000000 0000000000000001
0x0000004d649ff130:   0000004d649ff240 0000000000000000
0x0000004d649ff140:   00002e60a2f0677b 000001fd00000000
0x0000004d649ff150:   0000020549ef7980 0000000000000000
0x0000004d649ff160:   0000020549ef7980 00007fff0a237658
0x0000004d649ff170:   0000020500000000 0000000000000000
0x0000004d649ff180:   0000000000000000 0000000000000100
0x0000004d649ff190:   0000020500000000 0000000001000000
0x0000004d649ff1a0:   0000000000000000 0000000000010000
0x0000004d649ff1b0:   0000000000001000 ffffffff49ef7900
0x0000004d649ff1c0:   0000000000000000 0000020547cb0000
0x0000004d649ff1d0:   0000020500000000 00002e60a2f066fb
0x0000004d649ff1e0:   0000020500000000 0000000000000000
0x0000004d649ff1f0:   0000000000000000 0000020549ef7980
0x0000004d649ff200:   0000004d649ff390 00007fff0a59fd59
0x0000004d649ff210:   0000000000000002 00007fff0ab66bc0
0x0000004d649ff220:   0000020549ef7980 0000020549ef7980
0x0000004d649ff230:   0000004d649ff240 0000000000001000
0x0000004d649ff240:   0000020500000000 0000000001000000
0x0000004d649ff250:   0000000000000000 0000000000010000
0x0000004d649ff260:   0000000000001000 ffffffff49ef7900
0x0000004d649ff270:   0000000000000000 0000020549ef7980
0x0000004d649ff280:   0000020549ef7980 00007fff0a59ff89
0x0000004d649ff290:   0000000000000000 0000000001000000
0x0000004d649ff2a0:   646d612d73776f64 282045524a203436
0x0000004d649ff2b0:   0000004d649ff2c0 0000004d649ff340
0x0000004d649ff2c0:   0000020500000000 0000000001000000
0x0000004d649ff2d0:   0000000000000000 0000000000010000
0x0000004d649ff2e0:   0000000000001000 ffffffff49ef7900 

Instructions: (pc=0x00007fff0a236cde)
0x00007fff0a236bde:   b6 05 7b 39 92 00 38 83 a9 01 00 00 0f 85 8e 00
0x00007fff0a236bee:   00 00 80 bb aa 01 00 00 00 75 2d 80 3d eb f0 98
0x00007fff0a236bfe:   00 00 74 24 48 8b 05 0f f7 97 00 48 85 c0 0f 84
0x00007fff0a236c0e:   84 00 00 00 48 8d 0d 57 93 71 00 e8 d2 06 db ff
0x00007fff0a236c1e:   32 c0 48 83 c4 20 5b c3 80 bb 01 03 00 00 00 75
0x00007fff0a236c2e:   1f 48 8b 05 da f6 97 00 c6 05 33 ff 92 00 00 48
0x00007fff0a236c3e:   85 c0 74 0c 48 8d 0d 67 93 71 00 e8 52 b7 da ff
0x00007fff0a236c4e:   80 bb 02 03 00 00 00 75 1f 48 8b 05 b2 f6 97 00
0x00007fff0a236c5e:   c6 05 0c ff 92 00 00 48 85 c0 74 0c 48 8d 0d af
0x00007fff0a236c6e:   93 71 00 e8 2a b7 da ff b0 01 48 83 c4 20 5b c3
0x00007fff0a236c7e:   48 8b 05 8b f6 97 00 48 85 c0 74 0c 48 8d 0d 3f
0x00007fff0a236c8e:   92 71 00 e8 0a b7 da ff 32 c0 48 83 c4 20 5b c3
0x00007fff0a236c9e:   cc cc 4c 8b dc 57 48 83 ec 70 48 8b 05 51 e7 94
0x00007fff0a236cae:   00 48 33 c4 48 89 44 24 50 80 3d e2 34 92 00 00
0x00007fff0a236cbe:   49 89 5b 10 49 89 6b 18 0f b6 ea 49 89 73 f0 48
0x00007fff0a236cce:   8b f1 74 17 80 39 00 75 12 48 8b 0d b2 3c 98 00
0x00007fff0a236cde:   48 8b 01 ff 50 20 48 8b d8 eb 08 48 8b 59 18 48
0x00007fff0a236cee:   83 c3 04 48 8b 05 98 3d 98 00 40 b7 01 48 85 c0
0x00007fff0a236cfe:   74 0f 48 8b d3 48 8d 0d 86 7b 71 00 e8 c1 8a f0
0x00007fff0a236d0e:   ff 48 8d 54 24 20 48 8b cb e8 b4 f2 3b 00 85 c0
0x00007fff0a236d1e:   74 28 40 84 ed 74 23 48 8b 05 ec f5 97 00 48 85
0x00007fff0a236d2e:   c0 74 47 48 8b d3 48 8d 0d 7d 7b 71 00 e8 b0 05
0x00007fff0a236d3e:   db ff 40 32 ff e9 31 01 00 00 80 3e 02 75 33 48
0x00007fff0a236d4e:   8b cb e8 0b 90 3b 00 84 c0 0f 85 1c 01 00 00 48
0x00007fff0a236d5e:   8b 05 b4 f5 97 00 48 85 c0 74 0f 48 8b d3 48 8d
0x00007fff0a236d6e:   0d 75 7b 71 00 e8 78 05 db ff 40 32 ff e9 f9 00
0x00007fff0a236d7e:   00 00 48 8b 46 08 48 63 6c 24 34 4c 89 74 24 60
0x00007fff0a236d8e:   4c 8b 76 10 48 85 c0 74 0d 48 3b 44 24 40 74 06
0x00007fff0a236d9e:   40 0f b6 f7 eb 0c 40 32 f6 4c 3b f5 0f 84 c4 00
0x00007fff0a236dae:   00 00 48 8b 05 61 f5 97 00 40 32 ff 40 38 3d 89
0x00007fff0a236dbe:   ed 98 00 74 28 48 85 c0 0f 84 a8 00 00 00 40 84
0x00007fff0a236dce:   f6 48 8d 05 32 7b 71 00 48 8d 0d 43 7b 71 00 48 



---------------  P R O C E S S  ---------------

Threads class SMR info:
_java_thread_list=0x00007fff0ab6a1c8, length=0, elements={
}

Java Threads: ( => current thread )
Total: 0

Other Threads:
  0x0000020549ef1450 WorkerThread "GC Thread#0"                     [id=21420, stack(0x0000004d64a00000,0x0000004d64b00000) (1024K)]

=>0x0000020549ee4950 (exited) JavaThread "Unknown thread"    [_thread_in_vm, id=15188, stack(0x0000004d64900000,0x0000004d64a00000) (1024K)]
Total: 2

Threads with active compile tasks:
Total: 0

VM state: not at safepoint (not fully initialized)

VM Mutex/Monitor currently owned by a thread: None

Heap address: 0x0000000080000000, size: 2048 MB, Compressed Oops mode: 32-bit

CDS archive(s) mapped at: [0x0000000000000000-0x0000000000000000-0x0000000000000000), size 0, SharedBaseAddress: 0x0000000800000000, ArchiveRelocationMode: 1.
Narrow klass base: 0x0000000000000000, Narrow klass shift: 0, Narrow klass range: 0x0

GC Precious Log:
 CardTable entry size: 512
 CPUs: 8 total, 8 available
 Memory: 16218M
 Large Page Support: Disabled
 NUMA Support: Disabled
 Compressed Oops: Enabled (32-bit)
 Alignments: Space 512K, Generation 512K, Heap 2M
 Heap Min Capacity: 100M
 Heap Initial Capacity: 100M
 Heap Max Capacity: 2G
 Pre-touch: Disabled
 Parallel Workers: 8

Heap:
 PSYoungGen      total 29696K, used 0K [0x00000000d5580000, 0x00000000d7680000, 0x0000000100000000)
  eden space 25600K, 0% used [0x00000000d5580000,0x00000000d5580000,0x00000000d6e80000)
  from space 4096K, 0% used [0x00000000d7280000,0x00000000d7280000,0x00000000d7680000)
  to   space 4096K, 0% used [0x00000000d6e80000,0x00000000d6e80000,0x00000000d7280000)
 ParOldGen       total 68608K, used 0K [0x0000000080000000, 0x0000000084300000, 0x00000000d5580000)
  object space 68608K, 0% used [0x0000000080000000,0x0000000080000000,0x0000000084300000)

[error occurred during error reporting (printing heap information), id 0xc0000005, EXCEPTION_ACCESS_VIOLATION (0xc0000005) at pc=0x00007fff0a6513b9]
GC Heap History (0 events):
No events

Dll operation events (1 events):
Event: 1.145 Loaded shared library c:\Users\DELL\.vscode\extensions\redhat.java-1.54.0-win32-x64\jre\21.0.10-win32-x86_64\bin\java.dll

Deoptimization events (0 events):
No events

Classes loaded (0 events):
No events

Classes unloaded (0 events):
No events

Classes redefined (0 events):
No events

Internal exceptions (0 events):
No events

ZGC Phase Switch (0 events):
No events

VM Operations (0 events):
No events

Memory protections (0 events):
No events

Nmethod flushes (0 events):
No events

Events (0 events):
No events


Dynamic libraries:
0x00007ff6162e0000 - 0x00007ff6162ee000 	c:\Users\DELL\.vscode\extensions\redhat.java-1.54.0-win32-x64\jre\21.0.10-win32-x86_64\bin\java.exe
0x00007fff96cb0000 - 0x00007fff96ea8000 	C:\Windows\SYSTEM32\ntdll.dll
0x00007fff96700000 - 0x00007fff967c2000 	C:\Windows\System32\KERNEL32.DLL
0x00007fff948d0000 - 0x00007fff94bc6000 	C:\Windows\System32\KERNELBASE.dll
0x00007fff944d0000 - 0x00007fff945d0000 	C:\Windows\System32\ucrtbase.dll
0x00007fff7dd40000 - 0x00007fff7dd5e000 	c:\Users\DELL\.vscode\extensions\redhat.java-1.54.0-win32-x64\jre\21.0.10-win32-x86_64\bin\VCRUNTIME140.dll
0x00007fff7bd40000 - 0x00007fff7bd58000 	c:\Users\DELL\.vscode\extensions\redhat.java-1.54.0-win32-x64\jre\21.0.10-win32-x86_64\bin\jli.dll
0x00007fff951b0000 - 0x00007fff95351000 	C:\Windows\System32\USER32.dll
0x00007fff94bd0000 - 0x00007fff94bf2000 	C:\Windows\System32\win32u.dll
0x00007fff94d30000 - 0x00007fff94d5b000 	C:\Windows\System32\GDI32.dll
0x00007fff94650000 - 0x00007fff94769000 	C:\Windows\System32\gdi32full.dll
0x00007fff94c30000 - 0x00007fff94ccd000 	C:\Windows\System32\msvcp_win.dll
0x00007fff805e0000 - 0x00007fff8087b000 	C:\Windows\WinSxS\amd64_microsoft.windows.common-controls_6595b64144ccf1df_6.0.19041.6456_none_60b8a6cb71f64256\COMCTL32.dll
0x00007fff967d0000 - 0x00007fff9686e000 	C:\Windows\System32\msvcrt.dll
0x00007fff95cd0000 - 0x00007fff95cff000 	C:\Windows\System32\IMM32.DLL
0x00007fff8b4c0000 - 0x00007fff8b4cc000 	c:\Users\DELL\.vscode\extensions\redhat.java-1.54.0-win32-x64\jre\21.0.10-win32-x86_64\bin\vcruntime140_1.dll
0x00007fff5af60000 - 0x00007fff5afed000 	c:\Users\DELL\.vscode\extensions\redhat.java-1.54.0-win32-x64\jre\21.0.10-win32-x86_64\bin\msvcp140.dll
0x00007fff09f20000 - 0x00007fff0acc1000 	c:\Users\DELL\.vscode\extensions\redhat.java-1.54.0-win32-x64\jre\21.0.10-win32-x86_64\bin\server\jvm.dll
0x00007fff96640000 - 0x00007fff966f1000 	C:\Windows\System32\ADVAPI32.dll
0x00007fff95d00000 - 0x00007fff95d9f000 	C:\Windows\System32\sechost.dll
0x00007fff95da0000 - 0x00007fff95ec0000 	C:\Windows\System32\RPCRT4.dll
0x00007fff94c00000 - 0x00007fff94c27000 	C:\Windows\System32\bcrypt.dll
0x00007fff96990000 - 0x00007fff969fb000 	C:\Windows\System32\WS2_32.dll
0x00007fff93eb0000 - 0x00007fff93efb000 	C:\Windows\SYSTEM32\POWRPROF.dll
0x00007fff839a0000 - 0x00007fff839c7000 	C:\Windows\SYSTEM32\WINMM.dll
0x00007fff8cd00000 - 0x00007fff8cd0a000 	C:\Windows\SYSTEM32\VERSION.dll
0x00007fff93da0000 - 0x00007fff93db2000 	C:\Windows\SYSTEM32\UMPDC.dll
0x00007fff92b50000 - 0x00007fff92b62000 	C:\Windows\SYSTEM32\kernel.appcore.dll
0x00007fff81840000 - 0x00007fff8184a000 	c:\Users\DELL\.vscode\extensions\redhat.java-1.54.0-win32-x64\jre\21.0.10-win32-x86_64\bin\jimage.dll
0x00007fff91f00000 - 0x00007fff92101000 	C:\Windows\SYSTEM32\DBGHELP.DLL
0x00007fff81280000 - 0x00007fff812b4000 	C:\Windows\SYSTEM32\dbgcore.DLL
0x00007fff943f0000 - 0x00007fff94472000 	C:\Windows\System32\bcryptPrimitives.dll
0x00007fff802c0000 - 0x00007fff802cf000 	c:\Users\DELL\.vscode\extensions\redhat.java-1.54.0-win32-x64\jre\21.0.10-win32-x86_64\bin\instrument.dll
0x00007fff78310000 - 0x00007fff78330000 	c:\Users\DELL\.vscode\extensions\redhat.java-1.54.0-win32-x64\jre\21.0.10-win32-x86_64\bin\java.dll

JVMTI agents:
c:\Users\DELL\.vscode\extensions\redhat.java-1.54.0-win32-x64\lombok\lombok-1.18.39-4050.jar path:none, loaded, not initialized, instrumentlib options:none

dbghelp: loaded successfully - version: 4.0.5 - missing functions: none
symbol engine: initialized successfully - sym options: 0x614 - pdb path: .;c:\Users\DELL\.vscode\extensions\redhat.java-1.54.0-win32-x64\jre\21.0.10-win32-x86_64\bin;C:\Windows\SYSTEM32;C:\Windows\WinSxS\amd64_microsoft.windows.common-controls_6595b64144ccf1df_6.0.19041.6456_none_60b8a6cb71f64256;c:\Users\DELL\.vscode\extensions\redhat.java-1.54.0-win32-x64\jre\21.0.10-win32-x86_64\bin\server

VM Arguments:
jvm_args: --add-modules=ALL-SYSTEM --add-opens=java.base/java.util=ALL-UNNAMED --add-opens=java.base/java.lang=ALL-UNNAMED --add-opens=java.base/sun.nio.fs=ALL-UNNAMED -Declipse.application=org.eclipse.jdt.ls.core.id1 -Dosgi.bundles.defaultStartLevel=4 -Declipse.product=org.eclipse.jdt.ls.core.product -Djava.import.generatesMetadataFilesAtProjectRoot=false -DDetectVMInstallationsJob.disabled=true -Dfile.encoding=utf8 -XX:+UseParallelGC -XX:GCTimeRatio=4 -XX:AdaptiveSizePolicyWeight=90 -Dsun.zip.disableMemoryMapping=true -Xmx2G -Xms100m -Xlog:disable -javaagent:c:\Users\DELL\.vscode\extensions\redhat.java-1.54.0-win32-x64\lombok\lombok-1.18.39-4050.jar 
java_command: c:\Users\DELL\.vscode\extensions\redhat.java-1.54.0-win32-x64\server\plugins\org.eclipse.equinox.launcher_1.7.100.v20251111-0406.jar -configuration c:\Users\DELL\AppData\Roaming\Code\User\globalStorage\redhat.java\1.54.0\config_ss_win -data c:\Users\DELL\AppData\Roaming\Code\User\workspaceStorage\1dcc25ccd97ec61c2b45f5f3218e0184\redhat.java\ss_ws --pipe=\\.\pipe\lsp-9b9263b1c035aae23469205f0792844d-sock
java_class_path (initial): c:\Users\DELL\.vscode\extensions\redhat.java-1.54.0-win32-x64\server\plugins\org.eclipse.equinox.launcher_1.7.100.v20251111-0406.jar
Launcher Type: SUN_STANDARD

[Global flags]
    uintx AdaptiveSizePolicyWeight                 = 90                                        {product} {command line}
     intx CICompilerCount                          = 4                                         {product} {ergonomic}
    uintx GCTimeRatio                              = 4                                         {product} {command line}
   size_t InitialHeapSize                          = 104857600                                 {product} {command line}
   size_t MaxHeapSize                              = 2147483648                                {product} {command line}
   size_t MaxNewSize                               = 715653120                                 {product} {ergonomic}
   size_t MinHeapDeltaBytes                        = 524288                                    {product} {ergonomic}
   size_t MinHeapSize                              = 104857600                                 {product} {command line}
   size_t NewSize                                  = 34603008                                  {product} {ergonomic}
    uintx NonNMethodCodeHeapSize                   = 5839372                                {pd product} {ergonomic}
    uintx NonProfiledCodeHeapSize                  = 122909434                              {pd product} {ergonomic}
   size_t OldSize                                  = 70254592                                  {product} {ergonomic}
    uintx ProfiledCodeHeapSize                     = 122909434                              {pd product} {ergonomic}
    uintx ReservedCodeCacheSize                    = 251658240                              {pd product} {ergonomic}
     bool SegmentedCodeCache                       = true                                      {product} {ergonomic}
   size_t SoftMaxHeapSize                          = 2147483648                             {manageable} {ergonomic}
     bool UseCompressedOops                        = true                           {product lp64_product} {ergonomic}
     bool UseLargePagesIndividualAllocation        = false                                  {pd product} {ergonomic}
     bool UseParallelGC                            = true                                      {product} {command line}

Logging:
Log output configuration:
 #0: stdout all=off uptime,level,tags foldmultilines=false
 #1: stderr all=off uptime,level,tags foldmultilines=false

Release file:
<release file has not been read>
Environment Variables:
JAVA_HOME=C:\Program Files\Eclipse Adoptium\jdk-21.0.7.6-hotspot
PATH=C:\Program Files (x86)\VMware\VMware Workstation\bin\;C:\Program Files\Eclipse Adoptium\jdk-21.0.7.6-hotspot\bin;C:\Program Files (x86)\NVIDIA Corporation\PhysX\Common;C:\Program Files (x86)\Common Files\Oracle\Java\javapath;C:\Windows\system32;C:\Windows;C:\Windows\System32\Wbem;C:\Windows\System32\WindowsPowerShell\v1.0\;C:\Windows\System32\OpenSSH\;C:\Program Files\dotnet\;C:\Program Files\NVIDIA Corporation\NVIDIA App\NvDLISR;C:\Program Files\Git\cmd;C:\Program Files\nodejs\;C:\ProgramData\chocolatey\bin;C:\Users\DELL\AppData\Local\Programs\Python\Python312\Scripts\;C:\Users\DELL\AppData\Local\Programs\Python\Python312\;C:\Users\DELL\AppData\Local\Programs\Python\Python313\Scripts\;C:\Users\DELL\AppData\Local\Programs\Python\Python313\;C:\Users\DELL\AppData\Local\Programs\Python\Launcher\;C:\Users\DELL\AppData\Local\Microsoft\WindowsApps;C:\Users\DELL\Favorites\Links\Microsoft VS Code\bin;C:\Users\DELL\AppData\Local\JetBrains\PyCharm Community Edition 2024.2.4\bin;C:\Users\DELL\AppData\Local\JetBrains\IntelliJ IDEA Community Edition 2025.1.3\bin;C:\Users\DELL\AppData\Local\JetBrains\Toolbox\scripts;C:\Program Files\JetBrains\PyCharm Community Edition 2023.2.1\bin;;C:\bin;C:\Users\DELL\AppData\Local\Programs\MiKTeX\miktex\bin\x64\;C:\Users\DELL\AppData\Roaming\npm
USERNAME=DELL
OS=Windows_NT
PROCESSOR_IDENTIFIER=Intel64 Family 6 Model 94 Stepping 3, GenuineIntel
TMP=C:\Users\DELL\AppData\Local\Temp
TEMP=C:\Users\DELL\AppData\Local\Temp




Periodic native trim disabled

---------------  S Y S T E M  ---------------

OS:
 Windows 10 , 64 bit Build 19041 (10.0.19041.5915)
OS uptime: 0 days 18:54 hours

CPU: total 8 (initial active 8) (4 cores per cpu, 2 threads per core) family 6 model 94 stepping 3 microcode 0xf0, cx8, cmov, fxsr, ht, mmx, 3dnowpref, sse, sse2, sse3, ssse3, sse4.1, sse4.2, popcnt, lzcnt, tsc, tscinvbit, avx, avx2, aes, erms, clmul, bmi1, bmi2, rtm, adx, fma, vzeroupper, clflush, clflushopt, rdtscp, f16c
Processor Information for the first 8 processors :
  Max Mhz: 2701, Current Mhz: 2000, Mhz Limit: 2701

Memory: 4k page, system-wide physical 16218M (7829M free)
TotalPageFile size 18650M (AvailPageFile size 6102M)
current process WorkingSet (physical memory assigned to process): 22M, peak: 22M
current process commit charge ("private bytes"): 191M, peak: 191M

vm_info: OpenJDK 64-Bit Server VM (21.0.10+7-LTS) for windows-amd64 JRE (21.0.10+7-LTS), built on 2026-01-20T00:00:00Z by "admin" with MS VC++ 17.12 (VS2022)

END.
