\BOOKMARK [1][-]{section.0.1}{\376\377\000I\000n\000t\000r\000o\000d\000u\000c\000t\000i\000o\000n}{}% 1
\BOOKMARK [1][-]{section.0.2}{\376\377\000A\000n\000a\000l\000y\000s\000e\000\040\000f\000o\000n\000c\000t\000i\000o\000n\000n\000e\000l\000l\000e\000\040\000e\000t\000\040\000c\000o\000n\000t\000r\000a\000i\000n\000t\000e\000s}{}% 2
\BOOKMARK [2][-]{subsection.0.2.1}{\376\377\000\311\000t\000a\000t\000\040\000d\000e\000\040\000l\000'\000a\000r\000t\000\040\000d\000e\000s\000\040\000s\000o\000l\000u\000t\000i\000o\000n\000s\000\040\000d\000e\000\040\000c\000e\000n\000t\000r\000a\000l\000i\000s\000a\000t\000i\000o\000n\000\040\000d\000e\000\040\000s\000a\000v\000o\000i\000r\000s}{section.0.2}% 3
\BOOKMARK [2][-]{subsection.0.2.2}{\376\377\000A\000n\000a\000l\000y\000s\000e\000\040\000d\000\351\000t\000a\000i\000l\000l\000\351\000e\000\040\000d\000e\000s\000\040\000b\000e\000s\000o\000i\000n\000s\000\040\000p\000a\000r\000\040\000a\000c\000t\000e\000u\000r}{section.0.2}% 4
\BOOKMARK [2][-]{subsection.0.2.3}{\376\377\000C\000o\000n\000t\000r\000a\000i\000n\000t\000e\000s\000\040\000t\000e\000c\000h\000n\000i\000q\000u\000e\000s\000\040\000e\000t\000\040\000c\000r\000i\000t\000\350\000r\000e\000s\000\040\000d\000e\000\040\000p\000e\000r\000f\000o\000r\000m\000a\000n\000c\000e}{section.0.2}% 5
\BOOKMARK [2][-]{subsection.0.2.4}{\376\377\000J\000u\000s\000t\000i\000f\000i\000c\000a\000t\000i\000o\000n\000\040\000d\000e\000s\000\040\000c\000h\000o\000i\000x\000\040\000t\000e\000c\000h\000n\000o\000l\000o\000g\000i\000q\000u\000e\000s\000\040\000d\000e\000\040\000l\000'\000i\000n\000s\000t\000a\000n\000c\000e}{section.0.2}% 6
\BOOKMARK [1][-]{section.0.3}{\376\377\000C\000o\000n\000c\000e\000p\000t\000i\000o\000n\000\040\000a\000r\000c\000h\000i\000t\000e\000c\000t\000u\000r\000a\000l\000e\000\040\000e\000t\000\040\000m\000o\000d\000\351\000l\000i\000s\000a\000t\000i\000o\000n\000\040}{}% 7
\BOOKMARK [2][-]{subsection.0.3.1}{\376\377\000D\000i\000a\000g\000r\000a\000m\000m\000e\000\040\000d\000e\000s\000\040\000c\000a\000s\000\040\000d\000'\000u\000t\000i\000l\000i\000s\000a\000t\000i\000o\000n}{section.0.3}% 8
\BOOKMARK [2][-]{subsection.0.3.2}{\376\377\000D\000i\000a\000g\000r\000a\000m\000m\000e\000\040\000d\000e\000\040\000c\000l\000a\000s\000s\000e\000s}{section.0.3}% 9
\BOOKMARK [2][-]{subsection.0.3.3}{\376\377\000N\000o\000t\000r\000e\000\040\000r\000\364\000l\000e\000\040\000e\000n\000\040\000t\000a\000n\000t\000\040\000q\000u\000e\000\040\000t\000e\000n\000a\000n\000t\000\040\000B\000C\000a\000a\000S}{section.0.3}% 10
\BOOKMARK [1][-]{section.0.4}{\376\377\000I\000m\000p\000l\000\351\000m\000e\000n\000t\000a\000t\000i\000o\000n\000\040\000f\000r\000o\000n\000t\000e\000n\000d\000\040\000e\000t\000\040\000s\000i\000m\000u\000l\000a\000t\000i\000o\000n\000\040\000A\000P\000I}{}% 11
\BOOKMARK [2][-]{subsection.0.4.1}{\376\377\000A\000r\000c\000h\000i\000t\000e\000c\000t\000u\000r\000e\000\040\000e\000t\000\040\000s\000t\000r\000u\000c\000t\000u\000r\000e\000\040\000d\000u\000\040\000p\000r\000o\000j\000e\000t\000\040\000N\000e\000x\000t\000.\000j\000s\000\040\0001\0005}{section.0.4}% 12
\BOOKMARK [2][-]{subsection.0.4.2}{\376\377\000C\000a\000r\000t\000o\000g\000r\000a\000p\000h\000i\000e\000\040\000d\000e\000s\000\040\000r\000o\000u\000t\000e\000s\000\040\000e\000t\000\040\000d\000e\000s\000\040\000v\000u\000e\000s\000\040\000r\000\351\000a\000l\000i\000s\000\351\000e\000s}{section.0.4}% 13
\BOOKMARK [2][-]{subsection.0.4.3}{\376\377\000C\000a\000t\000a\000l\000o\000g\000u\000e\000\040\000d\000e\000s\000\040\000c\000o\000m\000p\000o\000s\000a\000n\000t\000s\000\040\000U\000I\000\040\000p\000r\000i\000n\000c\000i\000p\000a\000u\000x}{section.0.4}% 14
\BOOKMARK [2][-]{subsection.0.4.4}{\376\377\000M\000\351\000c\000a\000n\000i\000s\000m\000e\000\040\000d\000'\000a\000b\000s\000t\000r\000a\000c\000t\000i\000o\000n\000\040\000e\000t\000\040\000c\000o\000u\000c\000h\000e\000\040\000A\000P\000I\000\040\000\050\000l\000i\000b\000/\000a\000p\000i\000.\000t\000s\000\051}{section.0.4}% 15
\BOOKMARK [2][-]{subsection.0.4.5}{\376\377\000P\000r\000\351\000s\000e\000n\000t\000a\000t\000i\000o\000n\000\040\000d\000e\000s\000\040\000i\000n\000t\000e\000r\000f\000a\000c\000e\000s\000\040\000p\000r\000i\000n\000c\000i\000p\000a\000l\000e\000s}{section.0.4}% 16
\BOOKMARK [1][-]{section.0.5}{\376\377\000S\000t\000r\000a\000t\000\351\000g\000i\000e\000s\000\040\000d\000'\000i\000n\000t\000\351\000g\000r\000a\000t\000i\000o\000n\000\040\000e\000t\000\040\000d\000'\000o\000b\000s\000e\000r\000v\000a\000b\000i\000l\000i\000t\000\351\000\040\000s\000i\000m\000u\000l\000\351\000e\000s}{}% 17
\BOOKMARK [2][-]{subsection.0.5.1}{\376\377\000I\000s\000o\000l\000a\000t\000i\000o\000n\000\040\000e\000t\000\040\000m\000a\000r\000q\000u\000a\000g\000e\000\040\000d\000u\000\040\000t\000e\000n\000a\000n\000t\000\040\000a\000p\000p\000l\000i\000c\000a\000t\000i\000f}{section.0.5}% 18
\BOOKMARK [2][-]{subsection.0.5.2}{\376\377\000D\000\351\000r\000o\000u\000l\000e\000m\000e\000n\000t\000\040\000d\000'\000u\000n\000\040\000c\000a\000s\000\040\000m\000\351\000t\000i\000e\000r\000\040\000c\000o\000n\000c\000r\000e\000t\000\040\000:\000\040\000P\000u\000b\000l\000i\000c\000a\000t\000i\000o\000n\000\040\000d\000'\000u\000n\000e\000\040\000f\000i\000c\000h\000e}{section.0.5}% 19
\BOOKMARK [2][-]{subsection.0.5.3}{\376\377\000O\000b\000s\000e\000r\000v\000a\000b\000i\000l\000i\000t\000\351\000\040\000m\000\351\000t\000i\000e\000r\000\040\000e\000t\000\040\000g\000e\000s\000t\000i\000o\000n\000\040\000d\000e\000\040\000l\000a\000\040\000t\000r\000a\000\347\000a\000b\000i\000l\000i\000t\000\351}{section.0.5}% 20
\BOOKMARK [1][-]{section.0.6}{\376\377\000V\000a\000l\000i\000d\000a\000t\000i\000o\000n\000,\000\040\000m\000\351\000t\000r\000i\000q\000u\000e\000s\000\040\000e\000t\000\040\000t\000e\000s\000t\000s}{}% 21
\BOOKMARK [2][-]{subsection.0.6.1}{\376\377\000S\000t\000r\000a\000t\000\351\000g\000i\000e\000\040\000d\000e\000\040\000t\000e\000s\000t\000s\000\040\000u\000n\000i\000t\000a\000i\000r\000e\000s\000\040\000e\000t\000\040\000d\000'\000i\000n\000t\000\351\000g\000r\000a\000t\000i\000o\000n}{section.0.6}% 22
\BOOKMARK [2][-]{subsection.0.6.2}{\376\377\000C\000a\000m\000p\000a\000g\000n\000e\000\040\000d\000e\000\040\000t\000e\000s\000t\000s\000\040\000d\000e\000\040\000p\000e\000r\000f\000o\000r\000m\000a\000n\000c\000e\000\040\000e\000t\000\040\000a\000u\000d\000i\000t\000s\000\040\000L\000i\000g\000h\000t\000h\000o\000u\000s\000e}{section.0.6}% 23
\BOOKMARK [2][-]{subsection.0.6.3}{\376\377\000T\000a\000b\000l\000e\000a\000u\000\040\000c\000o\000m\000p\000l\000e\000t\000\040\000d\000e\000s\000\040\000r\000\351\000s\000u\000l\000t\000a\000t\000s\000\040\000d\000e\000\040\000t\000e\000s\000t\000s}{section.0.6}% 24
\BOOKMARK [2][-]{subsection.0.6.4}{\376\377\000V\000a\000l\000i\000d\000a\000t\000i\000o\000n\000\040\000d\000e\000s\000\040\000l\000i\000v\000r\000a\000b\000l\000e\000s\000\040\000B\000C\000a\000a\000S\000\040\000\050\000L\0001\000\040\000\340\000\040\000L\0005\000\051}{section.0.6}% 25
\BOOKMARK [2][-]{subsection.0.6.5}{\376\377\000B\000i\000l\000a\000n\000\040\000d\000e\000\040\000l\000a\000\040\000v\000a\000l\000i\000d\000a\000t\000i\000o\000n\000\040\000e\000t\000\040\000n\000i\000v\000e\000a\000u\000\040\000d\000e\000\040\000m\000a\000t\000u\000r\000i\000t\000\351\000\040\000l\000o\000g\000i\000c\000i\000e\000l\000l\000e}{section.0.6}% 26
\BOOKMARK [1][-]{section.0.7}{\376\377\000P\000e\000r\000s\000p\000e\000c\000t\000i\000v\000e\000s\000\040\000d\000e\000\040\000t\000r\000a\000n\000s\000i\000t\000i\000o\000n\000\040\000e\000t\000\040\000\351\000v\000o\000l\000u\000t\000i\000o\000n\000s}{}% 27
\BOOKMARK [2][-]{subsection.0.7.1}{\376\377\000S\000i\000m\000u\000l\000a\000t\000i\000o\000n\000\040\000d\000'\000e\000r\000r\000e\000u\000r\000s\000\040\000r\000\351\000s\000e\000a\000u\000\040\000e\000t\000\040\000c\000a\000s\000\040\000l\000i\000m\000i\000t\000e\000s}{section.0.7}% 28
\BOOKMARK [2][-]{subsection.0.7.2}{\376\377\000T\000a\000b\000l\000e\000a\000u\000\040\000d\000e\000\040\000b\000o\000r\000d\000\040\000d\000e\000\040\000m\000o\000n\000i\000t\000o\000r\000i\000n\000g\000\040\000d\000e\000s\000\040\000\351\000c\000h\000a\000n\000g\000e\000s\000\040\000s\000i\000m\000u\000l\000\351\000s}{section.0.7}% 29
\BOOKMARK [2][-]{subsection.0.7.3}{\376\377\000S\000\351\000l\000e\000c\000t\000e\000u\000r\000\040\000d\000e\000\040\000r\000\364\000l\000e\000\040\000i\000n\000t\000e\000r\000a\000c\000t\000i\000f\000\040\000p\000o\000u\000r\000\040\000l\000e\000s\000\040\000t\000e\000s\000t\000s}{section.0.7}% 30
\BOOKMARK [2][-]{subsection.0.7.4}{\376\377\000S\000t\000r\000a\000t\000\351\000g\000i\000e\000\040\000d\000e\000\040\000c\000o\000u\000p\000l\000a\000g\000e\000\040\000\340\000\040\000u\000n\000e\000\040\000A\000P\000I\000\040\000b\000a\000c\000k\000e\000n\000d\000\040\000p\000h\000y\000s\000i\000q\000u\000e}{section.0.7}% 31
\BOOKMARK [2][-]{subsection.0.7.5}{\376\377\000I\000n\000t\000\351\000g\000r\000a\000t\000i\000o\000n\000\040\000d\000'\000u\000n\000\040\000m\000o\000t\000e\000u\000r\000\040\000d\000'\000a\000u\000t\000h\000e\000n\000t\000i\000f\000i\000c\000a\000t\000i\000o\000n\000\040\000e\000t\000\040\000d\000e\000\040\000r\000\364\000l\000e\000s\000\040\000\351\000t\000a\000t\000i\000q\000u\000e\000s}{section.0.7}% 32
\BOOKMARK [2][-]{subsection.0.7.6}{\376\377\000D\000y\000n\000a\000m\000i\000s\000a\000t\000i\000o\000n\000\040\000g\000\351\000o\000s\000p\000a\000t\000i\000a\000l\000e\000\040\000d\000e\000\040\000l\000a\000\040\000c\000a\000r\000t\000e\000\040\000i\000n\000t\000e\000r\000a\000c\000t\000i\000v\000e}{section.0.7}% 33
\BOOKMARK [1][-]{section.0.8}{\376\377\000C\000o\000n\000c\000l\000u\000s\000i\000o\000n}{}% 34
\BOOKMARK [2][-]{subsection.0.8.1}{\376\377\000B\000i\000l\000a\000n\000\040\000t\000e\000c\000h\000n\000i\000q\000u\000e\000\040\000d\000u\000\040\000t\000r\000a\000v\000a\000i\000l\000\040\000r\000\351\000a\000l\000i\000s\000\351}{section.0.8}% 35
\BOOKMARK [2][-]{subsection.0.8.2}{\376\377\000E\000n\000s\000e\000i\000g\000n\000e\000m\000e\000n\000t\000s\000\040\000c\000o\000n\000c\000e\000p\000t\000u\000e\000l\000s\000\040\000e\000t\000\040\000p\000e\000r\000s\000o\000n\000n\000e\000l\000s}{section.0.8}% 36
\BOOKMARK [1][-]{section.Alph0.1}{\376\377\000A\000n\000n\000e\000x\000e\000s\000\040\000t\000e\000c\000h\000n\000i\000q\000u\000e\000s}{}% 37
\BOOKMARK [2][-]{subsection.Alph0.1.1}{\376\377\000A\000n\000n\000e\000x\000e\000\040\000A\000\040\000:\000\040\000S\000p\000\351\000c\000i\000f\000i\000c\000a\000t\000i\000o\000n\000s\000\040\000d\000\351\000t\000a\000i\000l\000l\000\351\000e\000s\000\040\000d\000e\000s\000\040\000t\000y\000p\000e\000s\000\040\000d\000e\000\040\000l\000'\000i\000n\000s\000t\000a\000n\000c\000e}{section.Alph0.1}% 38
\BOOKMARK [2][-]{subsection.Alph0.1.2}{\376\377\000A\000n\000n\000e\000x\000e\000\040\000B\000\040\000:\000\040\000S\000t\000r\000u\000c\000t\000u\000r\000e\000\040\000d\000u\000\040\000P\000a\000q\000u\000e\000t\000\040\000M\000\351\000t\000i\000e\000r\000\040\000e\000t\000\040\000S\000i\000m\000u\000l\000a\000t\000i\000o\000n\000\040\000d\000e\000s\000\040\000\311\000c\000h\000a\000n\000g\000e\000s\000\040\000A\000P\000I}{section.Alph0.1}% 39
